This is pdfTeX, Version 3.14159265-2.6-1.40.17 (TeX Live 2016) (preloaded format=pdflatex 2016.5.22)  1 AUG 2018 22:44
entering extended mode
 restricted \write18 enabled.
 file:line:error style messages enabled.
 %&-line parsing enabled.
**"Machine Learning Handbook.tex"
(./Machine Learning Handbook.tex
LaTeX2e <2016/03/31>
Babel <3.9r> and hyphenation patterns for 83 language(s) loaded.
(/usr/local/texlive/2016/texmf-dist/tex/latex/base/book.cls
Document Class: book 2014/09/29 v1.4h Standard LaTeX document class
(/usr/local/texlive/2016/texmf-dist/tex/latex/base/bk11.clo
File: bk11.clo 2014/09/29 v1.4h Standard LaTeX file (size option)
)
\c@part=\count79
\c@chapter=\count80
\c@section=\count81
\c@subsection=\count82
\c@subsubsection=\count83
\c@paragraph=\count84
\c@subparagraph=\count85
\c@figure=\count86
\c@table=\count87
\abovecaptionskip=\skip41
\belowcaptionskip=\skip42
\bibindent=\dimen102
) (/Users/lIUxinhe/Documents/Github/MachineLearning/.texpadtmp/Machine Learning Handbook.aux)
\openout1 = `"Machine Learning Handbook.aux"'.

LaTeX Font Info:    Checking defaults for OML/cmm/m/it on input line 11.
LaTeX Font Info:    ... okay on input line 11.
LaTeX Font Info:    Checking defaults for T1/cmr/m/n on input line 11.
LaTeX Font Info:    ... okay on input line 11.
LaTeX Font Info:    Checking defaults for OT1/cmr/m/n on input line 11.
LaTeX Font Info:    ... okay on input line 11.
LaTeX Font Info:    Checking defaults for OMS/cmsy/m/n on input line 11.
LaTeX Font Info:    ... okay on input line 11.
LaTeX Font Info:    Checking defaults for OMX/cmex/m/n on input line 11.
LaTeX Font Info:    ... okay on input line 11.
LaTeX Font Info:    Checking defaults for U/cmr/m/n on input line 11.
LaTeX Font Info:    ... okay on input line 11.
LaTeX Font Info:    External font `cmex10' loaded for size
(Font)              <12> on input line 13.
LaTeX Font Info:    External font `cmex10' loaded for size
(Font)              <8> on input line 13.
LaTeX Font Info:    External font `cmex10' loaded for size
(Font)              <6> on input line 13.
 [1


{/usr/local/texlive/2016/texmf-var/fonts/map/pdftex/updmap/pdftex.map}] (/Users/lIUxinhe/Documents/Github/MachineLearning/.texpadtmp/Machine Learning Handbook.toc
LaTeX Font Info:    External font `cmex10' loaded for size
(Font)              <10.95> on input line 3.

Underfull \vbox (badness 10000) has occurred while \output is active []

 [2

]
Underfull \vbox (badness 1418) has occurred while \output is active []

 [3])
\tf@toc=\write3
\openout3 = `"Machine Learning Handbook.toc"'.

 [4] [1


]
Chapter 1.
LaTeX Font Info:    Try loading font information for OMS+cmr on input line 25.
(/usr/local/texlive/2016/texmf-dist/tex/latex/base/omscmr.fd
File: omscmr.fd 2014/09/29 v2.5h Standard LaTeX font definitions
)
LaTeX Font Info:    Font shape `OMS/cmr/m/n' in size <10.95> not available
(Font)              Font shape `OMS/cmsy/m/n' tried instead on input line 25.
Missing character: There is no ï in font cmr10!
Missing character: There is no ¼ in font cmr10!
Missing character: There is no Œ in font cmr10!
 [2

] [3]
Missing character: There is no ï in font cmr10!
Missing character: There is no ¼ in font cmr10!
Missing character: There is no š in font cmr10!
 [4] [5]
Overfull \hbox (27.31717pt too wide) detected at line 113
[]\OT1/cmr/m/n/10.95 [\OML/cmm/m/it/10.95 logf\OT1/cmr/m/n/10.95 (\OML/cmm/m/it/10.95 x; ^^R\OT1/cmr/m/n/10.95 )] \OMS/cmsy/m/n/10.95 ^^T \OML/cmm/m/it/10.95 M\OT1/cmr/m/n/10.95 (\OML/cmm/m/it/10.95 x\OT1/cmr/m/n/10.95 )\OML/cmm/m/it/10.95 ; \OMS/cmsy/m/n/10.95 8\OML/cmm/m/it/10.95 x \OMS/cmsy/m/n/10.95 2 \OML/cmm/m/it/10.95 ^^_; ^^R[] \OMS/cmsy/m/n/10.95 ^^@ \OML/cmm/m/it/10.95 c < ^^R < ^^R[] \OT1/cmr/m/n/10.95 + \OML/cmm/m/it/10.95 c; E[]\OT1/cmr/m/n/10.95 [\OML/cmm/m/it/10.95 M\OT1/cmr/m/n/10.95 (\OML/cmm/m/it/10.95 x\OT1/cmr/m/n/10.95 )] \OML/cmm/m/it/10.95 < \OMS/cmsy/m/n/10.95 1
 []

[6] [7]
Missing character: There is no ï in font cmr10!
Missing character: There is no ¼ in font cmr10!
Missing character: There is no Œ in font cmr10!
 [8] [9]
Overfull \hbox (12.09561pt too wide) detected at line 233
\OML/cmm/m/it/10.95 H\OT1/cmr/m/n/10.95 (\OML/cmm/m/it/10.95 Y\OMS/cmsy/m/n/10.95 j\OML/cmm/m/it/10.95 X\OT1/cmr/m/n/10.95 ) = \OMS/cmsy/m/n/10.95 ^^@ [] \OML/cmm/m/it/10.95 p\OT1/cmr/m/n/10.95 (\OML/cmm/m/it/10.95 x[]\OT1/cmr/m/n/10.95 )\OML/cmm/m/it/10.95 H\OT1/cmr/m/n/10.95 (\OML/cmm/m/it/10.95 Y\OMS/cmsy/m/n/10.95 j\OML/cmm/m/it/10.95 X \OT1/cmr/m/n/10.95 = \OML/cmm/m/it/10.95 x[]\OT1/cmr/m/n/10.95 ) = \OMS/cmsy/m/n/10.95 ^^@ [] \OML/cmm/m/it/10.95 p\OT1/cmr/m/n/10.95 (\OML/cmm/m/it/10.95 x[]\OT1/cmr/m/n/10.95 ) [] \OML/cmm/m/it/10.95 p\OT1/cmr/m/n/10.95 (\OML/cmm/m/it/10.95 y[]\OMS/cmsy/m/n/10.95 j\OML/cmm/m/it/10.95 x[]\OT1/cmr/m/n/10.95 )\OML/cmm/m/it/10.95 log[]p\OT1/cmr/m/n/10.95 (\OML/cmm/m/it/10.95 y[]\OMS/cmsy/m/n/10.95 j\OML/cmm/m/it/10.95 x[]\OT1/cmr/m/n/10.95 )
 []

[10] [11]
Chapter 2.
[12

] [13

]
Chapter 3.
[14

] [15]
Chapter 4.
[16

]
Chapter 5.
[17

]
Chapter 6.
[18

] [19

]
Chapter 7.
[20

]
Chapter 8.
[21

] [22

]
Chapter 9.
[23

]
Chapter 10.
[24

]
Chapter 11.
[25

]
Chapter 12.
[26

]
Chapter 13.
[27

]
Chapter 14.
[28

] (/Users/lIUxinhe/Documents/Github/MachineLearning/.texpadtmp/Machine Learning Handbook.aux) ) 
Here is how much of TeX's memory you used:
 291 strings out of 493014
 4019 string characters out of 6133351
 60601 words of memory out of 5000000
 3898 multiletter control sequences out of 15000+600000
 11650 words of font info for 40 fonts, out of 8000000 for 9000
 1141 hyphenation exceptions out of 8191
 23i,6n,19p,309b,279s stack positions out of 5000i,500n,10000p,200000b,80000s
</usr/local/texlive/2016/texmf-dist/fonts/type1/public/amsfonts/cm/cmbx10.pfb></usr/local/texlive/2016/texmf-dist/fonts/type1/public/amsfonts/cm/cmbx12.pfb></usr/local/texlive/2016/texmf-dist/fonts/type1/public/amsfonts/cm/cmbx8.pfb></usr/local/texlive/2016/texmf-dist/fonts/type1/public/amsfonts/cm/cmex10.pfb></usr/local/texlive/2016/texmf-dist/fonts/type1/public/amsfonts/cm/cmmi10.pfb></usr/local/texlive/2016/texmf-dist/fonts/type1/public/amsfonts/cm/cmmi6.pfb></usr/local/texlive/2016/texmf-dist/fonts/type1/public/amsfonts/cm/cmmi8.pfb></usr/local/texlive/2016/texmf-dist/fonts/type1/public/amsfonts/cm/cmr10.pfb></usr/local/texlive/2016/texmf-dist/fonts/type1/public/amsfonts/cm/cmr12.pfb></usr/local/texlive/2016/texmf-dist/fonts/type1/public/amsfonts/cm/cmr6.pfb></usr/local/texlive/2016/texmf-dist/fonts/type1/public/amsfonts/cm/cmr8.pfb></usr/local/texlive/2016/texmf-dist/fonts/type1/public/amsfonts/cm/cmsl10.pfb></usr/local/texlive/2016/texmf-dist/fonts/type1/public/amsfonts/cm/cmsy10.pfb></usr/local/texlive/2016/texmf-dist/fonts/type1/public/amsfonts/cm/cmsy6.pfb></usr/local/texlive/2016/texmf-dist/fonts/type1/public/amsfonts/cm/cmsy8.pfb></usr/local/texlive/2016/texmf-dist/fonts/type1/public/amsfonts/cm/cmti10.pfb>
Output written on "/Users/lIUxinhe/Documents/Github/MachineLearning/.texpadtmp/Machine Learning Handbook.pdf" (32 pages, 221651 bytes).
PDF statistics:
 172 PDF objects out of 1000 (max. 8388607)
 120 compressed objects within 2 object streams
 0 named destinations out of 1000 (max. 500000)
 1 words of extra memory for PDF output out of 10000 (max. 10000000)

