This is pdfTeX, Version 3.14159265-2.6-1.40.17 (TeX Live 2016) (preloaded format=pdflatex 2016.5.22)  25 AUG 2019 16:07
entering extended mode
 restricted \write18 enabled.
 file:line:error style messages enabled.
 %&-line parsing enabled.
**"Machine Learning Handbook.tex"
(./Machine Learning Handbook.tex
LaTeX2e <2016/03/31>
Babel <3.9r> and hyphenation patterns for 83 language(s) loaded.
(/usr/local/texlive/2016/texmf-dist/tex/latex/base/book.cls
Document Class: book 2014/09/29 v1.4h Standard LaTeX document class
(/usr/local/texlive/2016/texmf-dist/tex/latex/base/bk11.clo
File: bk11.clo 2014/09/29 v1.4h Standard LaTeX file (size option)
)
\c@part=\count79
\c@chapter=\count80
\c@section=\count81
\c@subsection=\count82
\c@subsubsection=\count83
\c@paragraph=\count84
\c@subparagraph=\count85
\c@figure=\count86
\c@table=\count87
\abovecaptionskip=\skip41
\belowcaptionskip=\skip42
\bibindent=\dimen102
) (/usr/local/texlive/2016/texmf-dist/tex/latex/amsmath/amsmath.sty
Package: amsmath 2016/03/10 v2.15b AMS math features
\@mathmargin=\skip43

For additional information on amsmath, use the `?' option.
(/usr/local/texlive/2016/texmf-dist/tex/latex/amsmath/amstext.sty
Package: amstext 2000/06/29 v2.01 AMS text
 (/usr/local/texlive/2016/texmf-dist/tex/latex/amsmath/amsgen.sty
File: amsgen.sty 1999/11/30 v2.0 generic functions
\@emptytoks=\toks14
\ex@=\dimen103
)) (/usr/local/texlive/2016/texmf-dist/tex/latex/amsmath/amsbsy.sty
Package: amsbsy 1999/11/29 v1.2d Bold Symbols
\pmbraise@=\dimen104
) (/usr/local/texlive/2016/texmf-dist/tex/latex/amsmath/amsopn.sty
Package: amsopn 2016/03/08 v2.02 operator names
)
\inf@bad=\count88
LaTeX Info: Redefining \frac on input line 199.
\uproot@=\count89
\leftroot@=\count90
LaTeX Info: Redefining \overline on input line 297.
\classnum@=\count91
\DOTSCASE@=\count92
LaTeX Info: Redefining \ldots on input line 394.
LaTeX Info: Redefining \dots on input line 397.
LaTeX Info: Redefining \cdots on input line 518.
\Mathstrutbox@=\box26
\strutbox@=\box27
\big@size=\dimen105
LaTeX Font Info:    Redeclaring font encoding OML on input line 634.
LaTeX Font Info:    Redeclaring font encoding OMS on input line 635.
\macc@depth=\count93
\c@MaxMatrixCols=\count94
\dotsspace@=\muskip10
\c@parentequation=\count95
\dspbrk@lvl=\count96
\tag@help=\toks15
\row@=\count97
\column@=\count98
\maxfields@=\count99
\andhelp@=\toks16
\eqnshift@=\dimen106
\alignsep@=\dimen107
\tagshift@=\dimen108
\tagwidth@=\dimen109
\totwidth@=\dimen110
\lineht@=\dimen111
\@envbody=\toks17
\multlinegap=\skip44
\multlinetaggap=\skip45
\mathdisplay@stack=\toks18
LaTeX Info: Redefining \[ on input line 2739.
LaTeX Info: Redefining \] on input line 2740.
) (/usr/local/texlive/2016/texmf-dist/tex/latex/amsfonts/amsfonts.sty
Package: amsfonts 2013/01/14 v3.01 Basic AMSFonts support
\symAMSa=\mathgroup4
\symAMSb=\mathgroup5
LaTeX Font Info:    Overwriting math alphabet `\mathfrak' in version `bold'
(Font)                  U/euf/m/n --> U/euf/b/n on input line 106.
) (/usr/local/texlive/2016/texmf-dist/tex/latex/amsfonts/amssymb.sty
Package: amssymb 2013/01/14 v3.01 AMS font symbols
) (/usr/local/texlive/2016/texmf-dist/tex/latex/amscls/amsthm.sty
Package: amsthm 2015/03/04 v2.20.2
\thm@style=\toks19
\thm@bodyfont=\toks20
\thm@headfont=\toks21
\thm@notefont=\toks22
\thm@headpunct=\toks23
\thm@preskip=\skip46
\thm@postskip=\skip47
\thm@headsep=\skip48
\dth@everypar=\toks24
) (/usr/local/texlive/2016/texmf-dist/tex/latex/mathtools/mathtools.sty
Package: mathtools 2015/11/12 v1.18 mathematical typesetting tools
 (/usr/local/texlive/2016/texmf-dist/tex/latex/graphics/keyval.sty
Package: keyval 2014/10/28 v1.15 key=value parser (DPC)
\KV@toks@=\toks25
) (/usr/local/texlive/2016/texmf-dist/tex/latex/tools/calc.sty
Package: calc 2014/10/28 v4.3 Infix arithmetic (KKT,FJ)
\calc@Acount=\count100
\calc@Bcount=\count101
\calc@Adimen=\dimen112
\calc@Bdimen=\dimen113
\calc@Askip=\skip49
\calc@Bskip=\skip50
LaTeX Info: Redefining \setlength on input line 80.
LaTeX Info: Redefining \addtolength on input line 81.
\calc@Ccount=\count102
\calc@Cskip=\skip51
) (/usr/local/texlive/2016/texmf-dist/tex/latex/mathtools/mhsetup.sty
Package: mhsetup 2010/01/21 v1.2a programming setup (MH)
)
LaTeX Info: Thecontrolsequence`\('isalreadyrobust on input line 129.
LaTeX Info: Thecontrolsequence`\)'isalreadyrobust on input line 129.
LaTeX Info: Thecontrolsequence`\['isalreadyrobust on input line 129.
LaTeX Info: Thecontrolsequence`\]'isalreadyrobust on input line 129.
\g_MT_multlinerow_int=\count103
\l_MT_multwidth_dim=\dimen114
\origjot=\skip52
\l_MT_shortvdotswithinadjustabove_dim=\dimen115
\l_MT_shortvdotswithinadjustbelow_dim=\dimen116
\l_MT_above_intertext_sep=\dimen117
\l_MT_below_intertext_sep=\dimen118
\l_MT_above_shortintertext_sep=\dimen119
\l_MT_below_shortintertext_sep=\dimen120
) (/usr/local/texlive/2016/texmf-dist/tex/latex/commath/commath.sty (/usr/local/texlive/2016/texmf-dist/tex/latex/base/ifthen.sty
Package: ifthen 2014/09/29 v1.1c Standard LaTeX ifthen package (DPC)
)) (/usr/local/texlive/2016/texmf-dist/tex/latex/psnfss/mathpazo.sty
Package: mathpazo 2005/04/12 PSNFSS-v9.2a Palatino w/ Pazo Math (D.Puga, WaS) 
\symupright=\mathgroup6
) (/Users/lIUxinhe/Documents/Github/MachineLearning/Machine Learning Handbook/.texpadtmp/Machine Learning Handbook.aux)
\openout1 = `"Machine Learning Handbook.aux"'.

LaTeX Font Info:    Checking defaults for OML/cmm/m/it on input line 22.
LaTeX Font Info:    ... okay on input line 22.
LaTeX Font Info:    Checking defaults for T1/cmr/m/n on input line 22.
LaTeX Font Info:    ... okay on input line 22.
LaTeX Font Info:    Checking defaults for OT1/cmr/m/n on input line 22.
LaTeX Font Info:    ... okay on input line 22.
LaTeX Font Info:    Checking defaults for OMS/cmsy/m/n on input line 22.
LaTeX Font Info:    ... okay on input line 22.
LaTeX Font Info:    Checking defaults for OMX/cmex/m/n on input line 22.
LaTeX Font Info:    ... okay on input line 22.
LaTeX Font Info:    Checking defaults for U/cmr/m/n on input line 22.
LaTeX Font Info:    ... okay on input line 22.
LaTeX Font Info:    Try loading font information for OT1+pplj on input line 22.
 (/usr/local/texlive/2016/texmf-dist/tex/latex/psnfss/ot1pplj.fd
File: ot1pplj.fd 2004/09/06 font definitions for OT1/pplj.
) (/usr/local/texlive/2016/texmf-dist/tex/latex/graphics/graphicx.sty
Package: graphicx 2014/10/28 v1.0g Enhanced LaTeX Graphics (DPC,SPQR)
 (/usr/local/texlive/2016/texmf-dist/tex/latex/graphics/graphics.sty
Package: graphics 2016/05/09 v1.0r Standard LaTeX Graphics (DPC,SPQR)
 (/usr/local/texlive/2016/texmf-dist/tex/latex/graphics/trig.sty
Package: trig 2016/01/03 v1.10 sin cos tan (DPC)
) (/usr/local/texlive/2016/texmf-dist/tex/latex/graphics-cfg/graphics.cfg
File: graphics.cfg 2016/01/02 v1.10 sample graphics configuration
)
Package graphics Info: Driver file: pdftex.def on input line 96.
 (/usr/local/texlive/2016/texmf-dist/tex/latex/pdftex-def/pdftex.def
File: pdftex.def 2011/05/27 v0.06d Graphics/color for pdfTeX
 (/usr/local/texlive/2016/texmf-dist/tex/generic/oberdiek/infwarerr.sty
Package: infwarerr 2016/05/16 v1.4 Providing info/warning/error messages (HO)
) (/usr/local/texlive/2016/texmf-dist/tex/generic/oberdiek/ltxcmds.sty
Package: ltxcmds 2016/05/16 v1.23 LaTeX kernel commands for general use (HO)
)
\Gread@gobject=\count104
 (/usr/local/texlive/2016/texmf-dist/tex/context/base/mkii/supp-pdf.mkii
[Loading MPS to PDF converter (version 2006.09.02).]
\scratchcounter=\count105
\scratchdimen=\dimen121
\scratchbox=\box28
\nofMPsegments=\count106
\nofMParguments=\count107
\everyMPshowfont=\toks26
\MPscratchCnt=\count108
\MPscratchDim=\dimen122
\MPnumerator=\count109
\makeMPintoPDFobject=\count110
\everyMPtoPDFconversion=\toks27
))) (/usr/local/texlive/2016/texmf-dist/tex/generic/oberdiek/pdftexcmds.sty
Package: pdftexcmds 2016/05/10 v0.21 Utility functions of pdfTeX for LuaTeX (HO)
 (/usr/local/texlive/2016/texmf-dist/tex/generic/oberdiek/ifluatex.sty
Package: ifluatex 2016/05/16 v1.4 Provides the ifluatex switch (HO)
Package ifluatex Info: LuaTeX not detected.
) (/usr/local/texlive/2016/texmf-dist/tex/generic/oberdiek/ifpdf.sty
Package: ifpdf 2016/05/14 v3.1 Provides the ifpdf switch
)
Package pdftexcmds Info: LuaTeX not detected.
Package pdftexcmds Info: \pdf@primitive is available.
Package pdftexcmds Info: \pdf@ifprimitive is available.
Package pdftexcmds Info: \pdfdraftmode found.
) (/usr/local/texlive/2016/texmf-dist/tex/latex/oberdiek/epstopdf-base.sty
Package: epstopdf-base 2016/05/15 v2.6 Base part for package epstopdf
 (/usr/local/texlive/2016/texmf-dist/tex/latex/oberdiek/grfext.sty
Package: grfext 2016/05/16 v1.2 Manage graphics extensions (HO)
 (/usr/local/texlive/2016/texmf-dist/tex/generic/oberdiek/kvdefinekeys.sty
Package: kvdefinekeys 2016/05/16 v1.4 Define keys (HO)
)) (/usr/local/texlive/2016/texmf-dist/tex/latex/oberdiek/kvoptions.sty
Package: kvoptions 2016/05/16 v3.12 Key value format for package options (HO)
 (/usr/local/texlive/2016/texmf-dist/tex/generic/oberdiek/kvsetkeys.sty
Package: kvsetkeys 2016/05/16 v1.17 Key value parser (HO)
 (/usr/local/texlive/2016/texmf-dist/tex/generic/oberdiek/etexcmds.sty
Package: etexcmds 2016/05/16 v1.6 Avoid name clashes with e-TeX commands (HO)
Package etexcmds Info: Could not find \expanded.
(etexcmds)             That can mean that you are not using pdfTeX 1.50 or
(etexcmds)             that some package has redefined \expanded.
(etexcmds)             In the latter case, load this package earlier.
)))
Package grfext Info: Graphics extension search list:
(grfext)             [.png,.pdf,.jpg,.mps,.jpeg,.jbig2,.jb2,.PNG,.PDF,.JPG,.JPEG,.JBIG2,.JB2,.eps]
(grfext)             \AppendGraphicsExtensions on input line 456.
 (/usr/local/texlive/2016/texmf-dist/tex/latex/latexconfig/epstopdf-sys.cfg
File: epstopdf-sys.cfg 2010/07/13 v1.3 Configuration of (r)epstopdf for TeX Live
))
\Gin@req@height=\dimen123
\Gin@req@width=\dimen124
)
LaTeX Font Info:    Font shape `OT1/pplj/bx/n' in size <17.28> not available
(Font)              Font shape `OT1/pplj/b/n' tried instead on input line 24.
LaTeX Font Info:    Try loading font information for OT1+pplx on input line 24.
 (/usr/local/texlive/2016/texmf-dist/tex/latex/psnfss/ot1pplx.fd
File: ot1pplx.fd 2004/09/06 font definitions for OT1/pplx.
)
LaTeX Font Info:    Try loading font information for OML+zplm on input line 24.
 (/usr/local/texlive/2016/texmf-dist/tex/latex/psnfss/omlzplm.fd
File: omlzplm.fd 2002/09/08 Fontinst v1.914 font definitions for OML/zplm.
)
LaTeX Font Info:    Try loading font information for OMS+zplm on input line 24.
 (/usr/local/texlive/2016/texmf-dist/tex/latex/psnfss/omszplm.fd
File: omszplm.fd 2002/09/08 Fontinst v1.914 font definitions for OMS/zplm.
)
LaTeX Font Info:    Try loading font information for OMX+zplm on input line 24.
 (/usr/local/texlive/2016/texmf-dist/tex/latex/psnfss/omxzplm.fd
File: omxzplm.fd 2002/09/08 Fontinst v1.914 font definitions for OMX/zplm.
)
LaTeX Font Info:    Font shape `U/msa/m/n' will be
(Font)              scaled to size 12.50409pt on input line 24.
LaTeX Font Info:    Font shape `U/msa/m/n' will be
(Font)              scaled to size 9.37807pt on input line 24.
LaTeX Font Info:    Font shape `U/msa/m/n' will be
(Font)              scaled to size 7.29405pt on input line 24.
LaTeX Font Info:    Font shape `U/msb/m/n' will be
(Font)              scaled to size 12.50409pt on input line 24.
LaTeX Font Info:    Font shape `U/msb/m/n' will be
(Font)              scaled to size 9.37807pt on input line 24.
LaTeX Font Info:    Font shape `U/msb/m/n' will be
(Font)              scaled to size 7.29405pt on input line 24.
LaTeX Font Info:    Try loading font information for OT1+zplm on input line 24.
 (/usr/local/texlive/2016/texmf-dist/tex/latex/psnfss/ot1zplm.fd
File: ot1zplm.fd 2002/09/08 Fontinst v1.914 font definitions for OT1/zplm.
) [1


{/usr/local/texlive/2016/texmf-var/fonts/map/pdftex/updmap/pdftex.map}]
LaTeX Font Info:    Font shape `OT1/pplj/bx/n' in size <24.88> not available
(Font)              Font shape `OT1/pplj/b/n' tried instead on input line 25.
 (/Users/lIUxinhe/Documents/Github/MachineLearning/Machine Learning Handbook/.texpadtmp/Machine Learning Handbook.toc
LaTeX Font Info:    Font shape `OT1/pplj/bx/n' in size <12> not available
(Font)              Font shape `OT1/pplj/b/n' tried instead on input line 1.
LaTeX Font Info:    Font shape `OT1/pplj/bx/n' in size <10.95> not available
(Font)              Font shape `OT1/pplj/b/n' tried instead on input line 2.
LaTeX Font Info:    Font shape `U/msa/m/n' will be
(Font)              scaled to size 11.40997pt on input line 3.
LaTeX Font Info:    Font shape `U/msa/m/n' will be
(Font)              scaled to size 8.33606pt on input line 3.
LaTeX Font Info:    Font shape `U/msa/m/n' will be
(Font)              scaled to size 6.25204pt on input line 3.
LaTeX Font Info:    Font shape `U/msb/m/n' will be
(Font)              scaled to size 11.40997pt on input line 3.
LaTeX Font Info:    Font shape `U/msb/m/n' will be
(Font)              scaled to size 8.33606pt on input line 3.
LaTeX Font Info:    Font shape `U/msb/m/n' will be
(Font)              scaled to size 6.25204pt on input line 3.

Underfull \vbox (badness 3029) has occurred while \output is active []

 [2

]
LaTeX Font Info:    Font shape `OT1/pplj/m/sl' in size <10.95> not available
(Font)              Font shape `OT1/pplj/m/it' tried instead on input line 49.
 [3] [4] [5] [6]
Missing character: There is no Ô in font pplr9o!
Missing character: There is no º in font pplr9o!
Missing character: There is no â in font pplr9o!

Underfull \vbox (badness 10000) has occurred while \output is active []

 [7])
\tf@toc=\write3
\openout3 = `"Machine Learning Handbook.toc"'.

 [8]
LaTeX Font Info:    Font shape `OT1/pplj/bx/n' in size <20.74> not available
(Font)              Font shape `OT1/pplj/b/n' tried instead on input line 28.
 [1


]
Chapter 1.
LaTeX Font Info:    Try loading font information for OMS+pplj on input line 34.
LaTeX Font Info:    No file OMSpplj.fd. on input line 34.

LaTeX Font Warning: Font shape `OMS/pplj/m/n' undefined
(Font)              using `OMS/cmsy/m/n' instead
(Font)              for symbol `textbullet' on input line 34.

LaTeX Font Info:    Font shape `OT1/pplj/bx/n' in size <14.4> not available
(Font)              Font shape `OT1/pplj/b/n' tried instead on input line 37.
Missing character: There is no Ô in font pplr9o!
Missing character: There is no º in font pplr9o!
Missing character: There is no ö in font pplr9o!
[2

]
Missing character: There is no Ô in font pplr9o!
Missing character: There is no º in font pplr9o!
Missing character: There is no å in font pplr9o!
 [3] [4] [5] [6]

Package amsmath Warning: Foreign command \atopwithdelims;
(amsmath)                \frac or \genfrac should be used instead
(amsmath)                 on input line 167.

[7]
Missing character: There is no œ in font pplr9o!
Missing character: There is no É in font pplr9o!
 [8]
Overfull \hbox (10.16872pt too wide) detected at line 193
\OML/zplm/m/it/10.95 H\OT1/zplm/m/n/10.95 (\OML/zplm/m/it/10.95 Y\OMS/zplm/m/n/10.95 j\OML/zplm/m/it/10.95 X\OT1/zplm/m/n/10.95 ) = \OMS/zplm/m/n/10.95 ^^@ [] \OML/zplm/m/it/10.95 p\OT1/zplm/m/n/10.95 (\OML/zplm/m/it/10.95 x[]\OT1/zplm/m/n/10.95 )\OML/zplm/m/it/10.95 H\OT1/zplm/m/n/10.95 (\OML/zplm/m/it/10.95 Y\OMS/zplm/m/n/10.95 j\OML/zplm/m/it/10.95 X \OT1/zplm/m/n/10.95 = \OML/zplm/m/it/10.95 x[]\OT1/zplm/m/n/10.95 ) = \OMS/zplm/m/n/10.95 ^^@ [] \OML/zplm/m/it/10.95 p\OT1/zplm/m/n/10.95 (\OML/zplm/m/it/10.95 x[]\OT1/zplm/m/n/10.95 ) [] \OML/zplm/m/it/10.95 p\OT1/zplm/m/n/10.95 (\OML/zplm/m/it/10.95 y[]\OMS/zplm/m/n/10.95 j\OML/zplm/m/it/10.95 x[]\OT1/zplm/m/n/10.95 )\OML/zplm/m/it/10.95 log[]p\OT1/zplm/m/n/10.95 (\OML/zplm/m/it/10.95 y[]\OMS/zplm/m/n/10.95 j\OML/zplm/m/it/10.95 x[]\OT1/zplm/m/n/10.95 )
 []

Missing character: There is no Ô in font pplr9o!
Missing character: There is no º in font pplr9o!
Missing character: There is no å in font pplr9o!
[9] [10]
Missing character: There is no ‚ in font pplr9o!
Missing character: There is no Ä in font pplr9o!
Missing character: There is no ú in font pplr9o!
Missing character: There is no ‚ in font pplr9o!
Missing character: There is no Ä in font pplr9o!
Missing character: There is no ù in font pplr9o!
 [11] [12] [13]
Chapter 2.
[14

] [15]
Overfull \hbox (34.27364pt too wide) detected at line 360
[]\OT1/zplm/m/n/10.95 [\OML/zplm/m/it/10.95 logf\OT1/zplm/m/n/10.95 (\OML/zplm/m/it/10.95 x\OT1/pplx/m/n/10.95 , \OML/zplm/m/it/10.95 ^^R\OT1/zplm/m/n/10.95 )] \OMS/zplm/m/n/10.95 ^^T \OML/zplm/m/it/10.95 M\OT1/zplm/m/n/10.95 (\OML/zplm/m/it/10.95 x\OT1/zplm/m/n/10.95 )\OT1/pplx/m/n/10.95 , \OMS/zplm/m/n/10.95 8\OML/zplm/m/it/10.95 x \OMS/zplm/m/n/10.95 2 \OML/zplm/m/it/10.95 ^^_\OT1/pplx/m/n/10.95 , \OML/zplm/m/it/10.95 ^^R[] \OMS/zplm/m/n/10.95 ^^@ \OML/zplm/m/it/10.95 c < ^^R < ^^R[] \OT1/zplm/m/n/10.95 + \OML/zplm/m/it/10.95 c\OT1/pplx/m/n/10.95 , \OML/zplm/m/it/10.95 E[]\OT1/zplm/m/n/10.95 [\OML/zplm/m/it/10.95 M\OT1/zplm/m/n/10.95 (\OML/zplm/m/it/10.95 x\OT1/zplm/m/n/10.95 )] \OML/zplm/m/it/10.95 < \OMS/zplm/m/n/10.95 1
 []

[16] [17] [18] [19] [20]
Missing character: There is no Ô in font pplr9o!
Missing character: There is no º in font pplr9o!
Missing character: There is no ö in font pplr9o!
 [21]
LaTeX Font Info:    Try loading font information for U+fplmbb on input line 520.
 (/usr/local/texlive/2016/texmf-dist/tex/latex/psnfss/ufplmbb.fd
File: ufplmbb.fd 2003/10/30 Fontinst v1.914 font definitions for U/fplmbb.
)
Overfull \hbox (2.93524pt too wide) detected at line 523
\OT1/zplm/m/n/10.95 = [][(\OML/zplm/m/it/10.95 Y \OMS/zplm/m/n/10.95 ^^@ \OML/zplm/m/it/10.95 f\OT1/zplm/m/n/10.95 (\OML/zplm/m/it/10.95 x\OT1/zplm/m/n/10.95 ))[]] + \OT1/pplx/m/n/10.95 2 []\OT1/zplm/m/n/10.95 [(\OML/zplm/m/it/10.95 Y \OMS/zplm/m/n/10.95 ^^@ \OML/zplm/m/it/10.95 f\OT1/zplm/m/n/10.95 (\OML/zplm/m/it/10.95 x\OT1/zplm/m/n/10.95 ))(\OML/zplm/m/it/10.95 f\OT1/zplm/m/n/10.95 (\OML/zplm/m/it/10.95 x\OT1/zplm/m/n/10.95 ) \OMS/zplm/m/n/10.95 ^^@ []\OT1/zplm/m/n/10.95 (\OML/zplm/m/it/10.95 X\OT1/zplm/m/n/10.95 ))] + [][(\OML/zplm/m/it/10.95 f\OT1/zplm/m/n/10.95 (\OML/zplm/m/it/10.95 x\OT1/zplm/m/n/10.95 ) \OMS/zplm/m/n/10.95 ^^@ []\OT1/zplm/m/n/10.95 (\OML/zplm/m/it/10.95 X\OT1/zplm/m/n/10.95 ))[]]
 []


Overfull \hbox (13.69896pt too wide) detected at line 524
\OT1/zplm/m/n/10.95 = [][(\OML/zplm/m/it/10.95 Y \OMS/zplm/m/n/10.95 ^^@ \OML/zplm/m/it/10.95 f\OT1/zplm/m/n/10.95 (\OML/zplm/m/it/10.95 x\OT1/zplm/m/n/10.95 ))[]] + [](\OML/zplm/m/it/10.95 f\OT1/zplm/m/n/10.95 (\OML/zplm/m/it/10.95 x\OT1/zplm/m/n/10.95 ) \OMS/zplm/m/n/10.95 ^^@ []\OT1/zplm/m/n/10.95 (\OML/zplm/m/it/10.95 X\OT1/zplm/m/n/10.95 ))[] + \OT1/pplx/m/n/10.95 2\OT1/zplm/m/n/10.95 (\OML/zplm/m/it/10.95 f\OT1/zplm/m/n/10.95 (\OML/zplm/m/it/10.95 x\OT1/zplm/m/n/10.95 ) \OMS/zplm/m/n/10.95 ^^@ []\OT1/zplm/m/n/10.95 ([](\OML/zplm/m/it/10.95 X\OT1/zplm/m/n/10.95 ))) [][(\OML/zplm/m/it/10.95 Y \OMS/zplm/m/n/10.95 ^^@ \OML/zplm/m/it/10.95 f\OT1/zplm/m/n/10.95 (\OML/zplm/m/it/10.95 x\OT1/zplm/m/n/10.95 ))]
 []


Overfull \hbox (147.84662pt too wide) detected at line 529
\OT1/zplm/m/n/10.95 = []((\OML/zplm/m/it/10.95 f\OT1/zplm/m/n/10.95 (\OML/zplm/m/it/10.95 x\OT1/zplm/m/n/10.95 ) \OMS/zplm/m/n/10.95 ^^@ []\OT1/zplm/m/n/10.95 ([](\OML/zplm/m/it/10.95 X\OT1/zplm/m/n/10.95 )))[]\OMS/zplm/m/n/10.95 j\OML/zplm/m/it/10.95 X\OT1/zplm/m/n/10.95 ) + [](([]([](\OML/zplm/m/it/10.95 X\OT1/zplm/m/n/10.95 ) \OMS/zplm/m/n/10.95 ^^@ []\OT1/zplm/m/n/10.95 (\OML/zplm/m/it/10.95 X\OT1/zplm/m/n/10.95 ))[]\OMS/zplm/m/n/10.95 j\OML/zplm/m/it/10.95 X\OT1/zplm/m/n/10.95 ) + \OT1/pplx/m/n/10.95 2\OT1/zplm/m/n/10.95 ((\OML/zplm/m/it/10.95 f\OT1/zplm/m/n/10.95 (\OML/zplm/m/it/10.95 x\OT1/zplm/m/n/10.95 ) \OMS/zplm/m/n/10.95 ^^@ []\OT1/zplm/m/n/10.95 ([](\OML/zplm/m/it/10.95 X\OT1/zplm/m/n/10.95 )) [](([]([](\OML/zplm/m/it/10.95 X\OT1/zplm/m/n/10.95 ) \OMS/zplm/m/n/10.95 ^^@ []\OT1/zplm/m/n/10.95 (\OML/zplm/m/it/10.95 X\OT1/zplm/m/n/10.95 ))\OMS/zplm/m/n/10.95 j\OML/zplm/m/it/10.95 X\OT1/zplm/m/n/10.95 )
 []


Overfull \hbox (20.55736pt too wide) detected at line 530
\OT1/zplm/m/n/10.95 = (\OML/zplm/m/it/10.95 f\OT1/zplm/m/n/10.95 (\OML/zplm/m/it/10.95 x\OT1/zplm/m/n/10.95 ) \OMS/zplm/m/n/10.95 ^^@ []\OT1/zplm/m/n/10.95 ([](\OML/zplm/m/it/10.95 X\OT1/zplm/m/n/10.95 )))[] + [](([]([](\OML/zplm/m/it/10.95 X\OT1/zplm/m/n/10.95 ) \OMS/zplm/m/n/10.95 ^^@ []\OT1/zplm/m/n/10.95 (\OML/zplm/m/it/10.95 X\OT1/zplm/m/n/10.95 ))[]\OMS/zplm/m/n/10.95 j\OML/zplm/m/it/10.95 X\OT1/zplm/m/n/10.95 ) + \OT1/pplx/m/n/10.95 2\OT1/zplm/m/n/10.95 ((\OML/zplm/m/it/10.95 f\OT1/zplm/m/n/10.95 (\OML/zplm/m/it/10.95 x\OT1/zplm/m/n/10.95 ) \OMS/zplm/m/n/10.95 ^^@ []\OT1/zplm/m/n/10.95 ([](\OML/zplm/m/it/10.95 X\OT1/zplm/m/n/10.95 )) \OMS/zplm/m/n/10.95 ^^B \OT1/pplx/m/n/10.95 0
 []

[22] [23] [24] [25]
Chapter 3.
[26

]
Chapter 4.
[27

] <ConfusionMatrix.png, id=127, 1298.8525pt x 681.54625pt>
File: ConfusionMatrix.png Graphic file (type png)
 <use ConfusionMatrix.png>
Package pdftex.def Info: ConfusionMatrix.png used on input line 639.
(pdftex.def)             Requested size: 398.33858pt x 209.02045pt.

Overfull \hbox (65.71364pt too wide) in paragraph at lines 638--640
[]  
 []

[28 <./ConfusionMatrix.png>] [29]
Chapter 5.

Underfull \vbox (badness 3769) has occurred while \output is active []

 [30

] [31] [32]
Missing character: There is no ‚ in font pplr9o!
Missing character: There is no Ä in font pplr9o!
Missing character: There is no ú in font pplr9o!
Missing character: There is no ‚ in font pplr9o!
Missing character: There is no Ä in font pplr9o!
Missing character: There is no ù in font pplr9o!
Missing character: There is no ‚ in font pplr9o!
Missing character: There is no Ä in font pplr9o!
Missing character: There is no ú in font pplr9o!
Missing character: There is no ‚ in font pplr9o!
Missing character: There is no Ä in font pplr9o!
Missing character: There is no ù in font pplr9o!
Missing character: There is no ‚ in font pplr9o!
Missing character: There is no Ä in font pplr9o!
Missing character: There is no ú in font pplr9o!
Missing character: There is no ‚ in font pplr9o!
Missing character: There is no Ä in font pplr9o!
Missing character: There is no ù in font pplr9o!
Missing character: There is no ‚ in font pplr9o!
Missing character: There is no Ä in font pplr9o!
Missing character: There is no ú in font pplr9o!
Missing character: There is no ‚ in font pplr9o!
Missing character: There is no Ä in font pplr9o!
Missing character: There is no ù in font pplr9o!
Missing character: There is no ‚ in font pplr9o!
Missing character: There is no Ä in font pplr9o!
Missing character: There is no ú in font pplr9o!
Missing character: There is no ‚ in font pplr9o!
Missing character: There is no Ä in font pplr9o!
Missing character: There is no ù in font pplr9o!
Missing character: There is no ‚ in font pplr9o!
Missing character: There is no Ä in font pplr9o!
Missing character: There is no ú in font pplr9o!
Missing character: There is no ‚ in font pplr9o!
Missing character: There is no Ä in font pplr9o!
Missing character: There is no ù in font pplr9o!
 [33] <CBOW-SkipGram.png, id=149, 331.83975pt x 195.129pt>
File: CBOW-SkipGram.png Graphic file (type png)
 <use CBOW-SkipGram.png>
Package pdftex.def Info: CBOW-SkipGram.png used on input line 776.
(pdftex.def)             Requested size: 426.79134pt x 250.98201pt.

Overfull \hbox (94.1664pt too wide) in paragraph at lines 775--778
[] 
 []

[34 <./CBOW-SkipGram.png>]
Missing character: There is no ‚ in font pplr9o!
Missing character: There is no Ä in font pplr9o!
Missing character: There is no ¶ in font pplr9o!
Missing character: There is no ‚ in font pplr9o!
Missing character: There is no Ä in font pplr9o!
Missing character: There is no ¶ in font pplr9o!
Missing character: There is no ‚ in font pplr9t!
Missing character: There is no Ä in font pplr9t!
Missing character: There is no ô in font pplr9t!
Missing character: There is no Ô in font pplr9t!
Missing character: There is no º in font pplr9t!
Missing character: There is no à in font pplr9t!
Missing character: There is no Ô in font pplr9t!
Missing character: There is no º in font pplr9t!
Missing character: There is no â in font pplr9t!
 [35]
Chapter 6.
[36

] [37

]
Chapter 7.
[38

] [39] [40] [41] [42] [43] [44] [45] [46]
Chapter 8.
[47

]
Missing character: There is no Ô in font pplr9o!
Missing character: There is no º in font pplr9o!
Missing character: There is no à in font pplr9o!
 [48] [49] [50]
Chapter 9.
[51

] [52] [53] [54]
Chapter 10.
[55

]
Chapter 11.
[56

] [57

]
Chapter 12.
[58

] [59]
Chapter 13.
[60

] [61] [62]
Chapter 14.
[63

]
Chapter 15.
[64

]
Chapter 16.
[65

] [66

]
Chapter 17.
[67

]
Chapter 18.
[68

]
Chapter 19.
[69

]
Chapter 20.
Missing character: There is no ‚ in font pplr9t!
Missing character: There is no Ä in font pplr9t!
Missing character: There is no ¶ in font pplr9t!
Missing character: There is no ‚ in font pplr9t!
Missing character: There is no Ä in font pplr9t!
Missing character: There is no ô in font pplr9t!
Missing character: There is no ‚ in font pplr9t!
Missing character: There is no Ä in font pplr9t!
Missing character: There is no ô in font pplr9t!
Missing character: There is no ‚ in font pplr9t!
Missing character: There is no Ä in font pplr9t!
Missing character: There is no ô in font pplr9t!
Missing character: There is no ‚ in font pplr9t!
Missing character: There is no Ä in font pplr9t!
Missing character: There is no ô in font pplr9t!
[70

]
Missing character: There is no ‚ in font pplr9t!
Missing character: There is no Ä in font pplr9t!
Missing character: There is no ô in font pplr9t!
Missing character: There is no ‚ in font pplr9t!
Missing character: There is no Ä in font pplr9t!
Missing character: There is no ô in font pplr9t!
Missing character: There is no ‚ in font pplr9t!
Missing character: There is no Ä in font pplr9t!
Missing character: There is no ô in font pplr9t!
 [71] [72

]
Chapter 21.

Underfull \vbox (badness 10000) has occurred while \output is active []

 [73

]
Overfull \hbox (64.5674pt too wide) has occurred while \output is active
\OT1/pplj/m/n/10.95 74 \OT1/pplj/m/it/10.95 CHAPTER 21.  DEEP LEARNING MODEL OPTIMIZATION AND REGULARIZATION
 []

[74]
Chapter 22.
[75

] [76]
Missing character: There is no ‚ in font pplr9t!
Missing character: There is no à in font pplr9t!
Missing character: There is no í in font pplr9t!
Missing character: There is no ‚ in font pplr9t!
Missing character: There is no å in font pplr9t!
Missing character: There is no ã in font pplr9t!
Missing character: There is no ‚ in font pplr9t!
Missing character: There is no à in font pplr9t!
Missing character: There is no í in font pplr9t!
 [77] [78] [79]
Missing character: There is no Ô in font pplr9o!
Missing character: There is no º in font pplr9o!
Missing character: There is no à in font pplr9o!
 [80]
Missing character: There is no Ô in font pplr9o!
Missing character: There is no º in font pplr9o!
Missing character: There is no å in font pplr9o!
 [81] [82]
Chapter 23.
[83

]
Missing character: There is no Ô in font pplr9o!
Missing character: There is no º in font pplr9o!
Missing character: There is no à in font pplr9o!
Missing character: There is no Ô in font pplb9o!
Missing character: There is no º in font pplb9o!
Missing character: There is no â in font pplb9o!
 <GRU-LSTM.png, id=310, 2113.8975pt x 668.4975pt>
File: GRU-LSTM.png Graphic file (type png)
 <use GRU-LSTM.png>
Package pdftex.def Info: GRU-LSTM.png used on input line 1718.
(pdftex.def)             Requested size: 426.79134pt x 134.96198pt.

Overfull \hbox (66.79134pt too wide) in paragraph at lines 1718--1719
[][]  
 []

[84 <./GRU-LSTM.png>] <Bidirectional.png, id=315, 766.865pt x 271.0125pt>
File: Bidirectional.png Graphic file (type png)
 <use Bidirectional.png>
Package pdftex.def Info: Bidirectional.png used on input line 1741.
(pdftex.def)             Requested size: 426.79134pt x 150.83138pt.

Overfull \hbox (66.79134pt too wide) in paragraph at lines 1741--1742
[][]  
 []

<DeepRNN.png, id=316, 672.5125pt x 740.7675pt> [85 <./Bidirectional.png>]
File: DeepRNN.png Graphic file (type png)
 <use DeepRNN.png>
Package pdftex.def Info: DeepRNN.png used on input line 1745.
(pdftex.def)             Requested size: 426.79134pt x 470.11086pt.

Overfull \hbox (66.79134pt too wide) in paragraph at lines 1745--1746
[][]  
 []


Underfull \vbox (badness 10000) has occurred while \output is active []

 [86 <./DeepRNN.png>]
Missing character: There is no Ô in font pplr9o!
Missing character: There is no º in font pplr9o!
Missing character: There is no õ in font pplr9o!
 <SequenceToSequence.png, id=325, 1333.98375pt x 618.31pt>
File: SequenceToSequence.png Graphic file (type png)
 <use SequenceToSequence.png>
Package pdftex.def Info: SequenceToSequence.png used on input line 1766.
(pdftex.def)             Requested size: 426.79134pt x 197.81607pt.

Overfull \hbox (66.79134pt too wide) in paragraph at lines 1766--1767
[][]  
 []

[87 <./SequenceToSequence.png (PNG copy)>]
Missing character: There is no ‚ in font pplr9o!
Missing character: There is no Ä in font pplr9o!
Missing character: There is no ô in font pplr9o!
 <AttentionModel.png, id=329, 903.375pt x 672.5125pt>
File: AttentionModel.png Graphic file (type png)
 <use AttentionModel.png>
Package pdftex.def Info: AttentionModel.png used on input line 1788.
(pdftex.def)             Requested size: 426.79134pt x 317.72278pt.

Overfull \hbox (66.79134pt too wide) in paragraph at lines 1788--1789
[][]  
 []


Underfull \vbox (badness 10000) has occurred while \output is active []

 [88]
Missing character: There is no ‚ in font pplr9t!
Missing character: There is no Ä in font pplr9t!
Missing character: There is no ô in font pplr9t!
 [89 <./AttentionModel.png>]
Chapter 24.
[90

]
Chapter 25.
[91

] (/Users/lIUxinhe/Documents/Github/MachineLearning/Machine Learning Handbook/.texpadtmp/Machine Learning Handbook.aux)

LaTeX Font Warning: Some font shapes were not available, defaults substituted.

 ) 
Here is how much of TeX's memory you used:
 3449 strings out of 493014
 48833 string characters out of 6133351
 113773 words of memory out of 5000000
 6851 multiletter control sequences out of 15000+600000
 62314 words of font info for 161 fonts, out of 8000000 for 9000
 1141 hyphenation exceptions out of 8191
 51i,12n,27p,464b,287s stack positions out of 5000i,500n,10000p,200000b,80000s
{/usr/local/texlive/2016/texmf-dist/fonts/enc/dvips/base/8r.enc}</usr/local/texlive/2016/texmf-dist/fonts/type1/public/amsfonts/cm/cmex10.pfb></usr/local/texlive/2016/texmf-dist/fonts/type1/public/amsfonts/cm/cmmi10.pfb></usr/local/texlive/2016/texmf-dist/fonts/type1/public/amsfonts/cm/cmr10.pfb></usr/local/texlive/2016/texmf-dist/fonts/type1/public/amsfonts/cm/cmsy10.pfb></usr/local/texlive/2016/texmf-dist/fonts/type1/public/fpl/fplbj8a.pfb></usr/local/texlive/2016/texmf-dist/fonts/type1/public/mathpazo/fplmbb.pfb></usr/local/texlive/2016/texmf-dist/fonts/type1/public/mathpazo/fplmbi.pfb></usr/local/texlive/2016/texmf-dist/fonts/type1/public/mathpazo/fplmr.pfb></usr/local/texlive/2016/texmf-dist/fonts/type1/public/mathpazo/fplmri.pfb></usr/local/texlive/2016/texmf-dist/fonts/type1/public/fpl/fplrc8a.pfb></usr/local/texlive/2016/texmf-dist/fonts/type1/public/fpl/fplrij8a.pfb></usr/local/texlive/2016/texmf-dist/fonts/type1/urw/palatino/uplb8a.pfb></usr/local/texlive/2016/texmf-dist/fonts/type1/urw/palatino/uplr8a.pfb></usr/local/texlive/2016/texmf-dist/fonts/type1/urw/palatino/uplri8a.pfb>
Output written on "/Users/lIUxinhe/Documents/Github/MachineLearning/Machine Learning Handbook/.texpadtmp/Machine Learning Handbook.pdf" (99 pages, 776995 bytes).
PDF statistics:
 394 PDF objects out of 1000 (max. 8388607)
 264 compressed objects within 3 object streams
 0 named destinations out of 1000 (max. 500000)
 36 words of extra memory for PDF output out of 10000 (max. 10000000)

